INFO 2024-05-02 21:44:55,955 import_data 41952 29776 Added new class: ABS WORKOUT
INFO 2024-05-02 21:44:55,956 import_data 41952 29776 Added new class: AEROBIC
INFO 2024-05-02 21:44:55,957 import_data 41952 29776 Added new class: BOX
INFO 2024-05-02 21:44:55,959 import_data 41952 29776 Added new class: DEEP WORK
INFO 2024-05-02 21:44:55,961 import_data 41952 29776 Added new class: PILATES
INFO 2024-05-02 21:44:55,964 import_data 41952 29776 Added new class: STRECHING
INFO 2024-05-02 21:44:55,964 import_data 41952 29776 Added new class: TABATA
INFO 2024-05-02 21:44:55,965 import_data 41952 29776 Added new class: YOGA
INFO 2024-05-02 21:44:55,968 import_data 41952 29776 Added new class: ZUMBA
INFO 2024-05-02 21:46:13,923 import_data 29360 41500 Class already exists: ABS WORKOUT
INFO 2024-05-02 21:46:13,925 import_data 29360 41500 Class already exists: AEROBIC
INFO 2024-05-02 21:46:13,925 import_data 29360 41500 Class already exists: BOX
INFO 2024-05-02 21:46:13,926 import_data 29360 41500 Class already exists: DEEP WORK
INFO 2024-05-02 21:46:13,927 import_data 29360 41500 Class already exists: PILATES
INFO 2024-05-02 21:46:13,928 import_data 29360 41500 Class already exists: STRECHING
INFO 2024-05-02 21:46:13,930 import_data 29360 41500 Class already exists: TABATA
INFO 2024-05-02 21:46:13,931 import_data 29360 41500 Class already exists: YOGA
INFO 2024-05-02 21:46:13,931 import_data 29360 41500 Class already exists: ZUMBA
INFO 2024-05-02 21:46:13,935 import_data 29360 41500 Added new weekday: Mon
INFO 2024-05-02 21:46:13,937 import_data 29360 41500 Added new weekday: Tue
INFO 2024-05-02 21:46:13,939 import_data 29360 41500 Added new weekday: Wed
INFO 2024-05-02 21:46:13,940 import_data 29360 41500 Added new weekday: Thu
INFO 2024-05-02 21:46:13,941 import_data 29360 41500 Added new weekday: Fri
INFO 2024-05-02 21:46:13,942 import_data 29360 41500 Added new weekday: Sat
INFO 2024-05-02 21:46:13,943 import_data 29360 41500 Added new weekday: Sun
INFO 2024-05-02 21:46:14,018 import_data 29360 41500 Added new class schedule: PILATES on Mon
INFO 2024-05-02 21:46:14,020 import_data 29360 41500 Added new class schedule: YOGA on Mon
INFO 2024-05-02 21:46:14,023 import_data 29360 41500 Added new class schedule: ABS WORKOUT on Mon
INFO 2024-05-02 21:46:14,026 import_data 29360 41500 Added new class schedule: AEROBIC on Mon
INFO 2024-05-02 21:46:14,028 import_data 29360 41500 Added new class schedule: BOX on Mon
INFO 2024-05-02 21:46:14,029 import_data 29360 41500 Added new class schedule: ZUMBA on Mon
INFO 2024-05-02 21:46:14,031 import_data 29360 41500 Added new class schedule: TABATA on Mon
INFO 2024-05-02 21:46:14,033 import_data 29360 41500 Added new class schedule: ABS WORKOUT on Mon
INFO 2024-05-02 21:46:14,035 import_data 29360 41500 Added new class schedule: BOX on Mon
INFO 2024-05-02 21:46:14,036 import_data 29360 41500 Added new class schedule: YOGA on Tue
INFO 2024-05-02 21:46:14,039 import_data 29360 41500 Added new class schedule: BOX on Tue
INFO 2024-05-02 21:46:14,041 import_data 29360 41500 Added new class schedule: AEROBIC on Tue
INFO 2024-05-02 21:46:14,043 import_data 29360 41500 Added new class schedule: PILATES on Tue
INFO 2024-05-02 21:46:14,045 import_data 29360 41500 Added new class schedule: ZUMBA on Tue
INFO 2024-05-02 21:46:14,047 import_data 29360 41500 Added new class schedule: STRECHING on Tue
INFO 2024-05-02 21:46:14,050 import_data 29360 41500 Added new class schedule: YOGA on Tue
INFO 2024-05-02 21:46:14,051 import_data 29360 41500 Added new class schedule: PILATES on Tue
INFO 2024-05-02 21:46:14,052 import_data 29360 41500 Added new class schedule: PILATES on Wed
INFO 2024-05-02 21:46:14,054 import_data 29360 41500 Added new class schedule: YOGA on Wed
INFO 2024-05-02 21:46:14,059 import_data 29360 41500 Added new class schedule: BOX on Wed
INFO 2024-05-02 21:46:14,061 import_data 29360 41500 Added new class schedule: ABS WORKOUT on Wed
INFO 2024-05-02 21:46:14,064 import_data 29360 41500 Added new class schedule: DEEP WORK on Wed
INFO 2024-05-02 21:46:14,066 import_data 29360 41500 Added new class schedule: BOX on Wed
INFO 2024-05-02 21:46:14,069 import_data 29360 41500 Added new class schedule: PILATES on Wed
INFO 2024-05-02 21:46:14,071 import_data 29360 41500 Added new class schedule: PILATES on Wed
INFO 2024-05-02 21:46:14,076 import_data 29360 41500 Added new class schedule: ABS WORKOUT on Wed
INFO 2024-05-02 21:46:14,078 import_data 29360 41500 Added new class schedule: YOGA on Thu
INFO 2024-05-02 21:46:14,081 import_data 29360 41500 Added new class schedule: BOX on Thu
INFO 2024-05-02 21:46:14,083 import_data 29360 41500 Added new class schedule: AEROBIC on Thu
INFO 2024-05-02 21:46:14,085 import_data 29360 41500 Added new class schedule: PILATES on Thu
INFO 2024-05-02 21:46:14,087 import_data 29360 41500 Added new class schedule: ZUMBA on Thu
INFO 2024-05-02 21:46:14,089 import_data 29360 41500 Added new class schedule: STRECHING on Thu
INFO 2024-05-02 21:46:14,093 import_data 29360 41500 Added new class schedule: YOGA on Thu
INFO 2024-05-02 21:46:14,096 import_data 29360 41500 Added new class schedule: PILATES on Thu
INFO 2024-05-02 21:46:14,099 import_data 29360 41500 Added new class schedule: PILATES on Fri
INFO 2024-05-02 21:46:14,101 import_data 29360 41500 Added new class schedule: YOGA on Fri
INFO 2024-05-02 21:46:14,104 import_data 29360 41500 Added new class schedule: ABS WORKOUT on Fri
INFO 2024-05-02 21:46:14,106 import_data 29360 41500 Added new class schedule: ZUMBA on Fri
INFO 2024-05-02 21:46:14,111 import_data 29360 41500 Added new class schedule: BOX on Fri
INFO 2024-05-02 21:46:14,114 import_data 29360 41500 Added new class schedule: TABATA on Fri
INFO 2024-05-02 21:46:14,116 import_data 29360 41500 Added new class schedule: PILATES on Fri
INFO 2024-05-02 21:46:14,117 import_data 29360 41500 Added new class schedule: PILATES on Fri
INFO 2024-05-02 21:46:14,119 import_data 29360 41500 Added new class schedule: ABS WORKOUT on Fri
INFO 2024-05-02 21:46:14,121 import_data 29360 41500 Added new class schedule: BOX on Sat
INFO 2024-05-02 21:46:14,126 import_data 29360 41500 Added new class schedule: AEROBIC on Sat
INFO 2024-05-02 21:46:14,129 import_data 29360 41500 Added new class schedule: TABATA on Sat
INFO 2024-05-02 21:46:14,131 import_data 29360 41500 Added new class schedule: ZUMBA on Sat
INFO 2024-05-02 21:46:14,133 import_data 29360 41500 Added new class schedule: BOX on Sun
INFO 2024-05-02 21:46:14,135 import_data 29360 41500 Added new class schedule: AEROBIC on Sun
INFO 2024-05-02 21:46:14,136 import_data 29360 41500 Added new class schedule: ZUMBA on Sun
INFO 2024-05-02 18:33:38,049 autoreload 10510 124047912022464 Watching for file changes with StatReloader
WARNING 2024-05-02 18:34:10,163 log 10510 124047867672128 Not Found: /favicon.ico
WARNING 2024-05-02 18:34:15,322 log 10510 124047867672128 Bad Request: /users/signin/
WARNING 2024-05-02 18:34:17,211 log 10510 124047867672128 Bad Request: /users/signin/
WARNING 2024-05-02 18:34:25,193 log 10510 124047867672128 Not Found: /favicon.ico
WARNING 2024-05-02 18:34:26,548 log 10510 124047867672128 Not Found: /favicon.ico
WARNING 2024-05-02 18:34:26,720 log 10510 124047639701056 Not Found: /favicon.ico
WARNING 2024-05-02 18:34:26,913 log 10510 124047622915648 Not Found: /favicon.ico
WARNING 2024-05-02 18:34:27,451 log 10510 124047622915648 Not Found: /favicon.ico
WARNING 2024-05-02 18:34:27,947 log 10510 124047622915648 Not Found: /favicon.ico
WARNING 2024-05-02 18:34:28,334 log 10510 124047622915648 Not Found: /favicon.ico
WARNING 2024-05-02 18:34:50,455 log 10510 124047622915648 Bad Request: /users/signin/
INFO 2024-05-05 17:36:04,843 autoreload 5096 123905319498176 Watching for file changes with StatReloader
WARNING 2024-05-05 17:36:35,291 log 5096 123905257248320 Not Found: /favicon.ico
INFO 2024-05-08 11:11:28,242 autoreload 7797 124544022639040 Watching for file changes with StatReloader
WARNING 2024-05-08 11:11:41,606 log 7797 124543968880192 Not Found: /favicon.ico
WARNING 2024-05-08 11:12:13,472 log 7797 124543968880192 Bad Request: /users/signin/
WARNING 2024-05-08 18:07:06,357 log 7797 124543968880192 Bad Request: /users/signin/
ERROR 2024-05-08 18:21:20,953 log 7797 124543968880192 Internal Server Error: /users/signin/
Traceback (most recent call last):
  File "/home/giorgi/.local/share/virtualenvs/FitnessPro-SGckQHIp/lib/python3.10/site-packages/django/core/handlers/exception.py", line 55, in inner
    response = get_response(request)
  File "/home/giorgi/.local/share/virtualenvs/FitnessPro-SGckQHIp/lib/python3.10/site-packages/django/core/handlers/base.py", line 220, in _get_response
    response = response.render()
  File "/home/giorgi/.local/share/virtualenvs/FitnessPro-SGckQHIp/lib/python3.10/site-packages/django/template/response.py", line 114, in render
    self.content = self.rendered_content
  File "/home/giorgi/.local/share/virtualenvs/FitnessPro-SGckQHIp/lib/python3.10/site-packages/django/template/response.py", line 92, in rendered_content
    return template.render(context, self._request)
  File "/home/giorgi/.local/share/virtualenvs/FitnessPro-SGckQHIp/lib/python3.10/site-packages/django/template/backends/django.py", line 61, in render
    return self.template.render(context)
  File "/home/giorgi/.local/share/virtualenvs/FitnessPro-SGckQHIp/lib/python3.10/site-packages/django/template/base.py", line 171, in render
    return self._render(context)
  File "/home/giorgi/.local/share/virtualenvs/FitnessPro-SGckQHIp/lib/python3.10/site-packages/django/template/base.py", line 163, in _render
    return self.nodelist.render(context)
  File "/home/giorgi/.local/share/virtualenvs/FitnessPro-SGckQHIp/lib/python3.10/site-packages/django/template/base.py", line 1000, in render
    return SafeString("".join([node.render_annotated(context) for node in self]))
  File "/home/giorgi/.local/share/virtualenvs/FitnessPro-SGckQHIp/lib/python3.10/site-packages/django/template/base.py", line 1000, in <listcomp>
    return SafeString("".join([node.render_annotated(context) for node in self]))
  File "/home/giorgi/.local/share/virtualenvs/FitnessPro-SGckQHIp/lib/python3.10/site-packages/django/template/base.py", line 961, in render_annotated
    return self.render(context)
  File "/home/giorgi/.local/share/virtualenvs/FitnessPro-SGckQHIp/lib/python3.10/site-packages/django/template/loader_tags.py", line 159, in render
    return compiled_parent._render(context)
  File "/home/giorgi/.local/share/virtualenvs/FitnessPro-SGckQHIp/lib/python3.10/site-packages/django/template/base.py", line 163, in _render
    return self.nodelist.render(context)
  File "/home/giorgi/.local/share/virtualenvs/FitnessPro-SGckQHIp/lib/python3.10/site-packages/django/template/base.py", line 1000, in render
    return SafeString("".join([node.render_annotated(context) for node in self]))
  File "/home/giorgi/.local/share/virtualenvs/FitnessPro-SGckQHIp/lib/python3.10/site-packages/django/template/base.py", line 1000, in <listcomp>
    return SafeString("".join([node.render_annotated(context) for node in self]))
  File "/home/giorgi/.local/share/virtualenvs/FitnessPro-SGckQHIp/lib/python3.10/site-packages/django/template/base.py", line 961, in render_annotated
    return self.render(context)
  File "/home/giorgi/.local/share/virtualenvs/FitnessPro-SGckQHIp/lib/python3.10/site-packages/django/template/loader_tags.py", line 210, in render
    return template.render(context)
  File "/home/giorgi/.local/share/virtualenvs/FitnessPro-SGckQHIp/lib/python3.10/site-packages/django/template/base.py", line 173, in render
    return self._render(context)
  File "/home/giorgi/.local/share/virtualenvs/FitnessPro-SGckQHIp/lib/python3.10/site-packages/django/template/base.py", line 163, in _render
    return self.nodelist.render(context)
  File "/home/giorgi/.local/share/virtualenvs/FitnessPro-SGckQHIp/lib/python3.10/site-packages/django/template/base.py", line 1000, in render
    return SafeString("".join([node.render_annotated(context) for node in self]))
  File "/home/giorgi/.local/share/virtualenvs/FitnessPro-SGckQHIp/lib/python3.10/site-packages/django/template/base.py", line 1000, in <listcomp>
    return SafeString("".join([node.render_annotated(context) for node in self]))
  File "/home/giorgi/.local/share/virtualenvs/FitnessPro-SGckQHIp/lib/python3.10/site-packages/django/template/base.py", line 961, in render_annotated
    return self.render(context)
  File "/home/giorgi/.local/share/virtualenvs/FitnessPro-SGckQHIp/lib/python3.10/site-packages/django/template/defaulttags.py", line 479, in render
    url = reverse(view_name, args=args, kwargs=kwargs, current_app=current_app)
  File "/home/giorgi/.local/share/virtualenvs/FitnessPro-SGckQHIp/lib/python3.10/site-packages/django/urls/base.py", line 88, in reverse
    return resolver._reverse_with_prefix(view, prefix, *args, **kwargs)
  File "/home/giorgi/.local/share/virtualenvs/FitnessPro-SGckQHIp/lib/python3.10/site-packages/django/urls/resolvers.py", line 851, in _reverse_with_prefix
    raise NoReverseMatch(msg)
django.urls.exceptions.NoReverseMatch: Reverse for 'booking' not found. 'booking' is not a valid view function or pattern name.
WARNING 2024-05-08 18:21:21,023 log 7797 124543968880192 Not Found: /favicon.ico
ERROR 2024-05-08 18:21:21,125 log 7797 124543968880192 Internal Server Error: /users/signin/
Traceback (most recent call last):
  File "/home/giorgi/.local/share/virtualenvs/FitnessPro-SGckQHIp/lib/python3.10/site-packages/django/core/handlers/exception.py", line 55, in inner
    response = get_response(request)
  File "/home/giorgi/.local/share/virtualenvs/FitnessPro-SGckQHIp/lib/python3.10/site-packages/django/core/handlers/base.py", line 220, in _get_response
    response = response.render()
  File "/home/giorgi/.local/share/virtualenvs/FitnessPro-SGckQHIp/lib/python3.10/site-packages/django/template/response.py", line 114, in render
    self.content = self.rendered_content
  File "/home/giorgi/.local/share/virtualenvs/FitnessPro-SGckQHIp/lib/python3.10/site-packages/django/template/response.py", line 92, in rendered_content
    return template.render(context, self._request)
  File "/home/giorgi/.local/share/virtualenvs/FitnessPro-SGckQHIp/lib/python3.10/site-packages/django/template/backends/django.py", line 61, in render
    return self.template.render(context)
  File "/home/giorgi/.local/share/virtualenvs/FitnessPro-SGckQHIp/lib/python3.10/site-packages/django/template/base.py", line 171, in render
    return self._render(context)
  File "/home/giorgi/.local/share/virtualenvs/FitnessPro-SGckQHIp/lib/python3.10/site-packages/django/template/base.py", line 163, in _render
    return self.nodelist.render(context)
  File "/home/giorgi/.local/share/virtualenvs/FitnessPro-SGckQHIp/lib/python3.10/site-packages/django/template/base.py", line 1000, in render
    return SafeString("".join([node.render_annotated(context) for node in self]))
  File "/home/giorgi/.local/share/virtualenvs/FitnessPro-SGckQHIp/lib/python3.10/site-packages/django/template/base.py", line 1000, in <listcomp>
    return SafeString("".join([node.render_annotated(context) for node in self]))
  File "/home/giorgi/.local/share/virtualenvs/FitnessPro-SGckQHIp/lib/python3.10/site-packages/django/template/base.py", line 961, in render_annotated
    return self.render(context)
  File "/home/giorgi/.local/share/virtualenvs/FitnessPro-SGckQHIp/lib/python3.10/site-packages/django/template/loader_tags.py", line 159, in render
    return compiled_parent._render(context)
  File "/home/giorgi/.local/share/virtualenvs/FitnessPro-SGckQHIp/lib/python3.10/site-packages/django/template/base.py", line 163, in _render
    return self.nodelist.render(context)
  File "/home/giorgi/.local/share/virtualenvs/FitnessPro-SGckQHIp/lib/python3.10/site-packages/django/template/base.py", line 1000, in render
    return SafeString("".join([node.render_annotated(context) for node in self]))
  File "/home/giorgi/.local/share/virtualenvs/FitnessPro-SGckQHIp/lib/python3.10/site-packages/django/template/base.py", line 1000, in <listcomp>
    return SafeString("".join([node.render_annotated(context) for node in self]))
  File "/home/giorgi/.local/share/virtualenvs/FitnessPro-SGckQHIp/lib/python3.10/site-packages/django/template/base.py", line 961, in render_annotated
    return self.render(context)
  File "/home/giorgi/.local/share/virtualenvs/FitnessPro-SGckQHIp/lib/python3.10/site-packages/django/template/loader_tags.py", line 210, in render
    return template.render(context)
  File "/home/giorgi/.local/share/virtualenvs/FitnessPro-SGckQHIp/lib/python3.10/site-packages/django/template/base.py", line 173, in render
    return self._render(context)
  File "/home/giorgi/.local/share/virtualenvs/FitnessPro-SGckQHIp/lib/python3.10/site-packages/django/template/base.py", line 163, in _render
    return self.nodelist.render(context)
  File "/home/giorgi/.local/share/virtualenvs/FitnessPro-SGckQHIp/lib/python3.10/site-packages/django/template/base.py", line 1000, in render
    return SafeString("".join([node.render_annotated(context) for node in self]))
  File "/home/giorgi/.local/share/virtualenvs/FitnessPro-SGckQHIp/lib/python3.10/site-packages/django/template/base.py", line 1000, in <listcomp>
    return SafeString("".join([node.render_annotated(context) for node in self]))
  File "/home/giorgi/.local/share/virtualenvs/FitnessPro-SGckQHIp/lib/python3.10/site-packages/django/template/base.py", line 961, in render_annotated
    return self.render(context)
  File "/home/giorgi/.local/share/virtualenvs/FitnessPro-SGckQHIp/lib/python3.10/site-packages/django/template/defaulttags.py", line 479, in render
    url = reverse(view_name, args=args, kwargs=kwargs, current_app=current_app)
  File "/home/giorgi/.local/share/virtualenvs/FitnessPro-SGckQHIp/lib/python3.10/site-packages/django/urls/base.py", line 88, in reverse
    return resolver._reverse_with_prefix(view, prefix, *args, **kwargs)
  File "/home/giorgi/.local/share/virtualenvs/FitnessPro-SGckQHIp/lib/python3.10/site-packages/django/urls/resolvers.py", line 851, in _reverse_with_prefix
    raise NoReverseMatch(msg)
django.urls.exceptions.NoReverseMatch: Reverse for 'booking' not found. 'booking' is not a valid view function or pattern name.
WARNING 2024-05-08 18:21:21,177 log 7797 124543968880192 Not Found: /favicon.ico
ERROR 2024-05-08 18:21:21,324 log 7797 124543968880192 Internal Server Error: /users/signin/
Traceback (most recent call last):
  File "/home/giorgi/.local/share/virtualenvs/FitnessPro-SGckQHIp/lib/python3.10/site-packages/django/core/handlers/exception.py", line 55, in inner
    response = get_response(request)
  File "/home/giorgi/.local/share/virtualenvs/FitnessPro-SGckQHIp/lib/python3.10/site-packages/django/core/handlers/base.py", line 220, in _get_response
    response = response.render()
  File "/home/giorgi/.local/share/virtualenvs/FitnessPro-SGckQHIp/lib/python3.10/site-packages/django/template/response.py", line 114, in render
    self.content = self.rendered_content
  File "/home/giorgi/.local/share/virtualenvs/FitnessPro-SGckQHIp/lib/python3.10/site-packages/django/template/response.py", line 92, in rendered_content
    return template.render(context, self._request)
  File "/home/giorgi/.local/share/virtualenvs/FitnessPro-SGckQHIp/lib/python3.10/site-packages/django/template/backends/django.py", line 61, in render
    return self.template.render(context)
  File "/home/giorgi/.local/share/virtualenvs/FitnessPro-SGckQHIp/lib/python3.10/site-packages/django/template/base.py", line 171, in render
    return self._render(context)
  File "/home/giorgi/.local/share/virtualenvs/FitnessPro-SGckQHIp/lib/python3.10/site-packages/django/template/base.py", line 163, in _render
    return self.nodelist.render(context)
  File "/home/giorgi/.local/share/virtualenvs/FitnessPro-SGckQHIp/lib/python3.10/site-packages/django/template/base.py", line 1000, in render
    return SafeString("".join([node.render_annotated(context) for node in self]))
  File "/home/giorgi/.local/share/virtualenvs/FitnessPro-SGckQHIp/lib/python3.10/site-packages/django/template/base.py", line 1000, in <listcomp>
    return SafeString("".join([node.render_annotated(context) for node in self]))
  File "/home/giorgi/.local/share/virtualenvs/FitnessPro-SGckQHIp/lib/python3.10/site-packages/django/template/base.py", line 961, in render_annotated
    return self.render(context)
  File "/home/giorgi/.local/share/virtualenvs/FitnessPro-SGckQHIp/lib/python3.10/site-packages/django/template/loader_tags.py", line 159, in render
    return compiled_parent._render(context)
  File "/home/giorgi/.local/share/virtualenvs/FitnessPro-SGckQHIp/lib/python3.10/site-packages/django/template/base.py", line 163, in _render
    return self.nodelist.render(context)
  File "/home/giorgi/.local/share/virtualenvs/FitnessPro-SGckQHIp/lib/python3.10/site-packages/django/template/base.py", line 1000, in render
    return SafeString("".join([node.render_annotated(context) for node in self]))
  File "/home/giorgi/.local/share/virtualenvs/FitnessPro-SGckQHIp/lib/python3.10/site-packages/django/template/base.py", line 1000, in <listcomp>
    return SafeString("".join([node.render_annotated(context) for node in self]))
  File "/home/giorgi/.local/share/virtualenvs/FitnessPro-SGckQHIp/lib/python3.10/site-packages/django/template/base.py", line 961, in render_annotated
    return self.render(context)
  File "/home/giorgi/.local/share/virtualenvs/FitnessPro-SGckQHIp/lib/python3.10/site-packages/django/template/loader_tags.py", line 210, in render
    return template.render(context)
  File "/home/giorgi/.local/share/virtualenvs/FitnessPro-SGckQHIp/lib/python3.10/site-packages/django/template/base.py", line 173, in render
    return self._render(context)
  File "/home/giorgi/.local/share/virtualenvs/FitnessPro-SGckQHIp/lib/python3.10/site-packages/django/template/base.py", line 163, in _render
    return self.nodelist.render(context)
  File "/home/giorgi/.local/share/virtualenvs/FitnessPro-SGckQHIp/lib/python3.10/site-packages/django/template/base.py", line 1000, in render
    return SafeString("".join([node.render_annotated(context) for node in self]))
  File "/home/giorgi/.local/share/virtualenvs/FitnessPro-SGckQHIp/lib/python3.10/site-packages/django/template/base.py", line 1000, in <listcomp>
    return SafeString("".join([node.render_annotated(context) for node in self]))
  File "/home/giorgi/.local/share/virtualenvs/FitnessPro-SGckQHIp/lib/python3.10/site-packages/django/template/base.py", line 961, in render_annotated
    return self.render(context)
  File "/home/giorgi/.local/share/virtualenvs/FitnessPro-SGckQHIp/lib/python3.10/site-packages/django/template/defaulttags.py", line 479, in render
    url = reverse(view_name, args=args, kwargs=kwargs, current_app=current_app)
  File "/home/giorgi/.local/share/virtualenvs/FitnessPro-SGckQHIp/lib/python3.10/site-packages/django/urls/base.py", line 88, in reverse
    return resolver._reverse_with_prefix(view, prefix, *args, **kwargs)
  File "/home/giorgi/.local/share/virtualenvs/FitnessPro-SGckQHIp/lib/python3.10/site-packages/django/urls/resolvers.py", line 851, in _reverse_with_prefix
    raise NoReverseMatch(msg)
django.urls.exceptions.NoReverseMatch: Reverse for 'booking' not found. 'booking' is not a valid view function or pattern name.
WARNING 2024-05-08 18:21:21,373 log 7797 124543968880192 Not Found: /favicon.ico
ERROR 2024-05-08 18:22:33,379 log 7797 124543968880192 Internal Server Error: /users/signin/
Traceback (most recent call last):
  File "/home/giorgi/.local/share/virtualenvs/FitnessPro-SGckQHIp/lib/python3.10/site-packages/django/core/handlers/exception.py", line 55, in inner
    response = get_response(request)
  File "/home/giorgi/.local/share/virtualenvs/FitnessPro-SGckQHIp/lib/python3.10/site-packages/django/core/handlers/base.py", line 220, in _get_response
    response = response.render()
  File "/home/giorgi/.local/share/virtualenvs/FitnessPro-SGckQHIp/lib/python3.10/site-packages/django/template/response.py", line 114, in render
    self.content = self.rendered_content
  File "/home/giorgi/.local/share/virtualenvs/FitnessPro-SGckQHIp/lib/python3.10/site-packages/django/template/response.py", line 92, in rendered_content
    return template.render(context, self._request)
  File "/home/giorgi/.local/share/virtualenvs/FitnessPro-SGckQHIp/lib/python3.10/site-packages/django/template/backends/django.py", line 61, in render
    return self.template.render(context)
  File "/home/giorgi/.local/share/virtualenvs/FitnessPro-SGckQHIp/lib/python3.10/site-packages/django/template/base.py", line 171, in render
    return self._render(context)
  File "/home/giorgi/.local/share/virtualenvs/FitnessPro-SGckQHIp/lib/python3.10/site-packages/django/template/base.py", line 163, in _render
    return self.nodelist.render(context)
  File "/home/giorgi/.local/share/virtualenvs/FitnessPro-SGckQHIp/lib/python3.10/site-packages/django/template/base.py", line 1000, in render
    return SafeString("".join([node.render_annotated(context) for node in self]))
  File "/home/giorgi/.local/share/virtualenvs/FitnessPro-SGckQHIp/lib/python3.10/site-packages/django/template/base.py", line 1000, in <listcomp>
    return SafeString("".join([node.render_annotated(context) for node in self]))
  File "/home/giorgi/.local/share/virtualenvs/FitnessPro-SGckQHIp/lib/python3.10/site-packages/django/template/base.py", line 961, in render_annotated
    return self.render(context)
  File "/home/giorgi/.local/share/virtualenvs/FitnessPro-SGckQHIp/lib/python3.10/site-packages/django/template/loader_tags.py", line 159, in render
    return compiled_parent._render(context)
  File "/home/giorgi/.local/share/virtualenvs/FitnessPro-SGckQHIp/lib/python3.10/site-packages/django/template/base.py", line 163, in _render
    return self.nodelist.render(context)
  File "/home/giorgi/.local/share/virtualenvs/FitnessPro-SGckQHIp/lib/python3.10/site-packages/django/template/base.py", line 1000, in render
    return SafeString("".join([node.render_annotated(context) for node in self]))
  File "/home/giorgi/.local/share/virtualenvs/FitnessPro-SGckQHIp/lib/python3.10/site-packages/django/template/base.py", line 1000, in <listcomp>
    return SafeString("".join([node.render_annotated(context) for node in self]))
  File "/home/giorgi/.local/share/virtualenvs/FitnessPro-SGckQHIp/lib/python3.10/site-packages/django/template/base.py", line 961, in render_annotated
    return self.render(context)
  File "/home/giorgi/.local/share/virtualenvs/FitnessPro-SGckQHIp/lib/python3.10/site-packages/django/template/loader_tags.py", line 210, in render
    return template.render(context)
  File "/home/giorgi/.local/share/virtualenvs/FitnessPro-SGckQHIp/lib/python3.10/site-packages/django/template/base.py", line 173, in render
    return self._render(context)
  File "/home/giorgi/.local/share/virtualenvs/FitnessPro-SGckQHIp/lib/python3.10/site-packages/django/template/base.py", line 163, in _render
    return self.nodelist.render(context)
  File "/home/giorgi/.local/share/virtualenvs/FitnessPro-SGckQHIp/lib/python3.10/site-packages/django/template/base.py", line 1000, in render
    return SafeString("".join([node.render_annotated(context) for node in self]))
  File "/home/giorgi/.local/share/virtualenvs/FitnessPro-SGckQHIp/lib/python3.10/site-packages/django/template/base.py", line 1000, in <listcomp>
    return SafeString("".join([node.render_annotated(context) for node in self]))
  File "/home/giorgi/.local/share/virtualenvs/FitnessPro-SGckQHIp/lib/python3.10/site-packages/django/template/base.py", line 961, in render_annotated
    return self.render(context)
  File "/home/giorgi/.local/share/virtualenvs/FitnessPro-SGckQHIp/lib/python3.10/site-packages/django/template/defaulttags.py", line 479, in render
    url = reverse(view_name, args=args, kwargs=kwargs, current_app=current_app)
  File "/home/giorgi/.local/share/virtualenvs/FitnessPro-SGckQHIp/lib/python3.10/site-packages/django/urls/base.py", line 88, in reverse
    return resolver._reverse_with_prefix(view, prefix, *args, **kwargs)
  File "/home/giorgi/.local/share/virtualenvs/FitnessPro-SGckQHIp/lib/python3.10/site-packages/django/urls/resolvers.py", line 851, in _reverse_with_prefix
    raise NoReverseMatch(msg)
django.urls.exceptions.NoReverseMatch: Reverse for 'booking' not found. 'booking' is not a valid view function or pattern name.
WARNING 2024-05-08 18:22:33,429 log 7797 124543968880192 Not Found: /favicon.ico
ERROR 2024-05-08 18:22:33,614 log 7797 124543968880192 Internal Server Error: /users/signin/
Traceback (most recent call last):
  File "/home/giorgi/.local/share/virtualenvs/FitnessPro-SGckQHIp/lib/python3.10/site-packages/django/core/handlers/exception.py", line 55, in inner
    response = get_response(request)
  File "/home/giorgi/.local/share/virtualenvs/FitnessPro-SGckQHIp/lib/python3.10/site-packages/django/core/handlers/base.py", line 220, in _get_response
    response = response.render()
  File "/home/giorgi/.local/share/virtualenvs/FitnessPro-SGckQHIp/lib/python3.10/site-packages/django/template/response.py", line 114, in render
    self.content = self.rendered_content
  File "/home/giorgi/.local/share/virtualenvs/FitnessPro-SGckQHIp/lib/python3.10/site-packages/django/template/response.py", line 92, in rendered_content
    return template.render(context, self._request)
  File "/home/giorgi/.local/share/virtualenvs/FitnessPro-SGckQHIp/lib/python3.10/site-packages/django/template/backends/django.py", line 61, in render
    return self.template.render(context)
  File "/home/giorgi/.local/share/virtualenvs/FitnessPro-SGckQHIp/lib/python3.10/site-packages/django/template/base.py", line 171, in render
    return self._render(context)
  File "/home/giorgi/.local/share/virtualenvs/FitnessPro-SGckQHIp/lib/python3.10/site-packages/django/template/base.py", line 163, in _render
    return self.nodelist.render(context)
  File "/home/giorgi/.local/share/virtualenvs/FitnessPro-SGckQHIp/lib/python3.10/site-packages/django/template/base.py", line 1000, in render
    return SafeString("".join([node.render_annotated(context) for node in self]))
  File "/home/giorgi/.local/share/virtualenvs/FitnessPro-SGckQHIp/lib/python3.10/site-packages/django/template/base.py", line 1000, in <listcomp>
    return SafeString("".join([node.render_annotated(context) for node in self]))
  File "/home/giorgi/.local/share/virtualenvs/FitnessPro-SGckQHIp/lib/python3.10/site-packages/django/template/base.py", line 961, in render_annotated
    return self.render(context)
  File "/home/giorgi/.local/share/virtualenvs/FitnessPro-SGckQHIp/lib/python3.10/site-packages/django/template/loader_tags.py", line 159, in render
    return compiled_parent._render(context)
  File "/home/giorgi/.local/share/virtualenvs/FitnessPro-SGckQHIp/lib/python3.10/site-packages/django/template/base.py", line 163, in _render
    return self.nodelist.render(context)
  File "/home/giorgi/.local/share/virtualenvs/FitnessPro-SGckQHIp/lib/python3.10/site-packages/django/template/base.py", line 1000, in render
    return SafeString("".join([node.render_annotated(context) for node in self]))
  File "/home/giorgi/.local/share/virtualenvs/FitnessPro-SGckQHIp/lib/python3.10/site-packages/django/template/base.py", line 1000, in <listcomp>
    return SafeString("".join([node.render_annotated(context) for node in self]))
  File "/home/giorgi/.local/share/virtualenvs/FitnessPro-SGckQHIp/lib/python3.10/site-packages/django/template/base.py", line 961, in render_annotated
    return self.render(context)
  File "/home/giorgi/.local/share/virtualenvs/FitnessPro-SGckQHIp/lib/python3.10/site-packages/django/template/loader_tags.py", line 210, in render
    return template.render(context)
  File "/home/giorgi/.local/share/virtualenvs/FitnessPro-SGckQHIp/lib/python3.10/site-packages/django/template/base.py", line 173, in render
    return self._render(context)
  File "/home/giorgi/.local/share/virtualenvs/FitnessPro-SGckQHIp/lib/python3.10/site-packages/django/template/base.py", line 163, in _render
    return self.nodelist.render(context)
  File "/home/giorgi/.local/share/virtualenvs/FitnessPro-SGckQHIp/lib/python3.10/site-packages/django/template/base.py", line 1000, in render
    return SafeString("".join([node.render_annotated(context) for node in self]))
  File "/home/giorgi/.local/share/virtualenvs/FitnessPro-SGckQHIp/lib/python3.10/site-packages/django/template/base.py", line 1000, in <listcomp>
    return SafeString("".join([node.render_annotated(context) for node in self]))
  File "/home/giorgi/.local/share/virtualenvs/FitnessPro-SGckQHIp/lib/python3.10/site-packages/django/template/base.py", line 961, in render_annotated
    return self.render(context)
  File "/home/giorgi/.local/share/virtualenvs/FitnessPro-SGckQHIp/lib/python3.10/site-packages/django/template/defaulttags.py", line 479, in render
    url = reverse(view_name, args=args, kwargs=kwargs, current_app=current_app)
  File "/home/giorgi/.local/share/virtualenvs/FitnessPro-SGckQHIp/lib/python3.10/site-packages/django/urls/base.py", line 88, in reverse
    return resolver._reverse_with_prefix(view, prefix, *args, **kwargs)
  File "/home/giorgi/.local/share/virtualenvs/FitnessPro-SGckQHIp/lib/python3.10/site-packages/django/urls/resolvers.py", line 851, in _reverse_with_prefix
    raise NoReverseMatch(msg)
django.urls.exceptions.NoReverseMatch: Reverse for 'booking' not found. 'booking' is not a valid view function or pattern name.
WARNING 2024-05-08 18:22:33,662 log 7797 124543968880192 Not Found: /favicon.ico
ERROR 2024-05-08 18:22:33,814 log 7797 124543968880192 Internal Server Error: /users/signin/
Traceback (most recent call last):
  File "/home/giorgi/.local/share/virtualenvs/FitnessPro-SGckQHIp/lib/python3.10/site-packages/django/core/handlers/exception.py", line 55, in inner
    response = get_response(request)
  File "/home/giorgi/.local/share/virtualenvs/FitnessPro-SGckQHIp/lib/python3.10/site-packages/django/core/handlers/base.py", line 220, in _get_response
    response = response.render()
  File "/home/giorgi/.local/share/virtualenvs/FitnessPro-SGckQHIp/lib/python3.10/site-packages/django/template/response.py", line 114, in render
    self.content = self.rendered_content
  File "/home/giorgi/.local/share/virtualenvs/FitnessPro-SGckQHIp/lib/python3.10/site-packages/django/template/response.py", line 92, in rendered_content
    return template.render(context, self._request)
  File "/home/giorgi/.local/share/virtualenvs/FitnessPro-SGckQHIp/lib/python3.10/site-packages/django/template/backends/django.py", line 61, in render
    return self.template.render(context)
  File "/home/giorgi/.local/share/virtualenvs/FitnessPro-SGckQHIp/lib/python3.10/site-packages/django/template/base.py", line 171, in render
    return self._render(context)
  File "/home/giorgi/.local/share/virtualenvs/FitnessPro-SGckQHIp/lib/python3.10/site-packages/django/template/base.py", line 163, in _render
    return self.nodelist.render(context)
  File "/home/giorgi/.local/share/virtualenvs/FitnessPro-SGckQHIp/lib/python3.10/site-packages/django/template/base.py", line 1000, in render
    return SafeString("".join([node.render_annotated(context) for node in self]))
  File "/home/giorgi/.local/share/virtualenvs/FitnessPro-SGckQHIp/lib/python3.10/site-packages/django/template/base.py", line 1000, in <listcomp>
    return SafeString("".join([node.render_annotated(context) for node in self]))
  File "/home/giorgi/.local/share/virtualenvs/FitnessPro-SGckQHIp/lib/python3.10/site-packages/django/template/base.py", line 961, in render_annotated
    return self.render(context)
  File "/home/giorgi/.local/share/virtualenvs/FitnessPro-SGckQHIp/lib/python3.10/site-packages/django/template/loader_tags.py", line 159, in render
    return compiled_parent._render(context)
  File "/home/giorgi/.local/share/virtualenvs/FitnessPro-SGckQHIp/lib/python3.10/site-packages/django/template/base.py", line 163, in _render
    return self.nodelist.render(context)
  File "/home/giorgi/.local/share/virtualenvs/FitnessPro-SGckQHIp/lib/python3.10/site-packages/django/template/base.py", line 1000, in render
    return SafeString("".join([node.render_annotated(context) for node in self]))
  File "/home/giorgi/.local/share/virtualenvs/FitnessPro-SGckQHIp/lib/python3.10/site-packages/django/template/base.py", line 1000, in <listcomp>
    return SafeString("".join([node.render_annotated(context) for node in self]))
  File "/home/giorgi/.local/share/virtualenvs/FitnessPro-SGckQHIp/lib/python3.10/site-packages/django/template/base.py", line 961, in render_annotated
    return self.render(context)
  File "/home/giorgi/.local/share/virtualenvs/FitnessPro-SGckQHIp/lib/python3.10/site-packages/django/template/loader_tags.py", line 210, in render
    return template.render(context)
  File "/home/giorgi/.local/share/virtualenvs/FitnessPro-SGckQHIp/lib/python3.10/site-packages/django/template/base.py", line 173, in render
    return self._render(context)
  File "/home/giorgi/.local/share/virtualenvs/FitnessPro-SGckQHIp/lib/python3.10/site-packages/django/template/base.py", line 163, in _render
    return self.nodelist.render(context)
  File "/home/giorgi/.local/share/virtualenvs/FitnessPro-SGckQHIp/lib/python3.10/site-packages/django/template/base.py", line 1000, in render
    return SafeString("".join([node.render_annotated(context) for node in self]))
  File "/home/giorgi/.local/share/virtualenvs/FitnessPro-SGckQHIp/lib/python3.10/site-packages/django/template/base.py", line 1000, in <listcomp>
    return SafeString("".join([node.render_annotated(context) for node in self]))
  File "/home/giorgi/.local/share/virtualenvs/FitnessPro-SGckQHIp/lib/python3.10/site-packages/django/template/base.py", line 961, in render_annotated
    return self.render(context)
  File "/home/giorgi/.local/share/virtualenvs/FitnessPro-SGckQHIp/lib/python3.10/site-packages/django/template/defaulttags.py", line 479, in render
    url = reverse(view_name, args=args, kwargs=kwargs, current_app=current_app)
  File "/home/giorgi/.local/share/virtualenvs/FitnessPro-SGckQHIp/lib/python3.10/site-packages/django/urls/base.py", line 88, in reverse
    return resolver._reverse_with_prefix(view, prefix, *args, **kwargs)
  File "/home/giorgi/.local/share/virtualenvs/FitnessPro-SGckQHIp/lib/python3.10/site-packages/django/urls/resolvers.py", line 851, in _reverse_with_prefix
    raise NoReverseMatch(msg)
django.urls.exceptions.NoReverseMatch: Reverse for 'booking' not found. 'booking' is not a valid view function or pattern name.
WARNING 2024-05-08 18:22:33,863 log 7797 124543968880192 Not Found: /favicon.ico
ERROR 2024-05-08 18:22:33,987 log 7797 124543968880192 Internal Server Error: /users/signin/
Traceback (most recent call last):
  File "/home/giorgi/.local/share/virtualenvs/FitnessPro-SGckQHIp/lib/python3.10/site-packages/django/core/handlers/exception.py", line 55, in inner
    response = get_response(request)
  File "/home/giorgi/.local/share/virtualenvs/FitnessPro-SGckQHIp/lib/python3.10/site-packages/django/core/handlers/base.py", line 220, in _get_response
    response = response.render()
  File "/home/giorgi/.local/share/virtualenvs/FitnessPro-SGckQHIp/lib/python3.10/site-packages/django/template/response.py", line 114, in render
    self.content = self.rendered_content
  File "/home/giorgi/.local/share/virtualenvs/FitnessPro-SGckQHIp/lib/python3.10/site-packages/django/template/response.py", line 92, in rendered_content
    return template.render(context, self._request)
  File "/home/giorgi/.local/share/virtualenvs/FitnessPro-SGckQHIp/lib/python3.10/site-packages/django/template/backends/django.py", line 61, in render
    return self.template.render(context)
  File "/home/giorgi/.local/share/virtualenvs/FitnessPro-SGckQHIp/lib/python3.10/site-packages/django/template/base.py", line 171, in render
    return self._render(context)
  File "/home/giorgi/.local/share/virtualenvs/FitnessPro-SGckQHIp/lib/python3.10/site-packages/django/template/base.py", line 163, in _render
    return self.nodelist.render(context)
  File "/home/giorgi/.local/share/virtualenvs/FitnessPro-SGckQHIp/lib/python3.10/site-packages/django/template/base.py", line 1000, in render
    return SafeString("".join([node.render_annotated(context) for node in self]))
  File "/home/giorgi/.local/share/virtualenvs/FitnessPro-SGckQHIp/lib/python3.10/site-packages/django/template/base.py", line 1000, in <listcomp>
    return SafeString("".join([node.render_annotated(context) for node in self]))
  File "/home/giorgi/.local/share/virtualenvs/FitnessPro-SGckQHIp/lib/python3.10/site-packages/django/template/base.py", line 961, in render_annotated
    return self.render(context)
  File "/home/giorgi/.local/share/virtualenvs/FitnessPro-SGckQHIp/lib/python3.10/site-packages/django/template/loader_tags.py", line 159, in render
    return compiled_parent._render(context)
  File "/home/giorgi/.local/share/virtualenvs/FitnessPro-SGckQHIp/lib/python3.10/site-packages/django/template/base.py", line 163, in _render
    return self.nodelist.render(context)
  File "/home/giorgi/.local/share/virtualenvs/FitnessPro-SGckQHIp/lib/python3.10/site-packages/django/template/base.py", line 1000, in render
    return SafeString("".join([node.render_annotated(context) for node in self]))
  File "/home/giorgi/.local/share/virtualenvs/FitnessPro-SGckQHIp/lib/python3.10/site-packages/django/template/base.py", line 1000, in <listcomp>
    return SafeString("".join([node.render_annotated(context) for node in self]))
  File "/home/giorgi/.local/share/virtualenvs/FitnessPro-SGckQHIp/lib/python3.10/site-packages/django/template/base.py", line 961, in render_annotated
    return self.render(context)
  File "/home/giorgi/.local/share/virtualenvs/FitnessPro-SGckQHIp/lib/python3.10/site-packages/django/template/loader_tags.py", line 210, in render
    return template.render(context)
  File "/home/giorgi/.local/share/virtualenvs/FitnessPro-SGckQHIp/lib/python3.10/site-packages/django/template/base.py", line 173, in render
    return self._render(context)
  File "/home/giorgi/.local/share/virtualenvs/FitnessPro-SGckQHIp/lib/python3.10/site-packages/django/template/base.py", line 163, in _render
    return self.nodelist.render(context)
  File "/home/giorgi/.local/share/virtualenvs/FitnessPro-SGckQHIp/lib/python3.10/site-packages/django/template/base.py", line 1000, in render
    return SafeString("".join([node.render_annotated(context) for node in self]))
  File "/home/giorgi/.local/share/virtualenvs/FitnessPro-SGckQHIp/lib/python3.10/site-packages/django/template/base.py", line 1000, in <listcomp>
    return SafeString("".join([node.render_annotated(context) for node in self]))
  File "/home/giorgi/.local/share/virtualenvs/FitnessPro-SGckQHIp/lib/python3.10/site-packages/django/template/base.py", line 961, in render_annotated
    return self.render(context)
  File "/home/giorgi/.local/share/virtualenvs/FitnessPro-SGckQHIp/lib/python3.10/site-packages/django/template/defaulttags.py", line 479, in render
    url = reverse(view_name, args=args, kwargs=kwargs, current_app=current_app)
  File "/home/giorgi/.local/share/virtualenvs/FitnessPro-SGckQHIp/lib/python3.10/site-packages/django/urls/base.py", line 88, in reverse
    return resolver._reverse_with_prefix(view, prefix, *args, **kwargs)
  File "/home/giorgi/.local/share/virtualenvs/FitnessPro-SGckQHIp/lib/python3.10/site-packages/django/urls/resolvers.py", line 851, in _reverse_with_prefix
    raise NoReverseMatch(msg)
django.urls.exceptions.NoReverseMatch: Reverse for 'booking' not found. 'booking' is not a valid view function or pattern name.
WARNING 2024-05-08 18:22:34,036 log 7797 124543968880192 Not Found: /favicon.ico
INFO 2024-05-08 18:24:01,582 autoreload 12703 136425541382592 Watching for file changes with StatReloader
ERROR 2024-05-08 18:24:23,811 log 12703 136425497101888 Internal Server Error: /
Traceback (most recent call last):
  File "/home/giorgi/.local/share/virtualenvs/FitnessPro-SGckQHIp/lib/python3.10/site-packages/django/core/handlers/exception.py", line 55, in inner
    response = get_response(request)
  File "/home/giorgi/.local/share/virtualenvs/FitnessPro-SGckQHIp/lib/python3.10/site-packages/django/core/handlers/base.py", line 197, in _get_response
    response = wrapped_callback(request, *callback_args, **callback_kwargs)
  File "/home/giorgi/Desktop/FitnessPro/core/views.py", line 7, in home
    return render(request, 'index.html')
  File "/home/giorgi/.local/share/virtualenvs/FitnessPro-SGckQHIp/lib/python3.10/site-packages/django/shortcuts.py", line 25, in render
    content = loader.render_to_string(template_name, context, request, using=using)
  File "/home/giorgi/.local/share/virtualenvs/FitnessPro-SGckQHIp/lib/python3.10/site-packages/django/template/loader.py", line 62, in render_to_string
    return template.render(context, request)
  File "/home/giorgi/.local/share/virtualenvs/FitnessPro-SGckQHIp/lib/python3.10/site-packages/django/template/backends/django.py", line 61, in render
    return self.template.render(context)
  File "/home/giorgi/.local/share/virtualenvs/FitnessPro-SGckQHIp/lib/python3.10/site-packages/django/template/base.py", line 171, in render
    return self._render(context)
  File "/home/giorgi/.local/share/virtualenvs/FitnessPro-SGckQHIp/lib/python3.10/site-packages/django/template/base.py", line 163, in _render
    return self.nodelist.render(context)
  File "/home/giorgi/.local/share/virtualenvs/FitnessPro-SGckQHIp/lib/python3.10/site-packages/django/template/base.py", line 1000, in render
    return SafeString("".join([node.render_annotated(context) for node in self]))
  File "/home/giorgi/.local/share/virtualenvs/FitnessPro-SGckQHIp/lib/python3.10/site-packages/django/template/base.py", line 1000, in <listcomp>
    return SafeString("".join([node.render_annotated(context) for node in self]))
  File "/home/giorgi/.local/share/virtualenvs/FitnessPro-SGckQHIp/lib/python3.10/site-packages/django/template/base.py", line 961, in render_annotated
    return self.render(context)
  File "/home/giorgi/.local/share/virtualenvs/FitnessPro-SGckQHIp/lib/python3.10/site-packages/django/template/loader_tags.py", line 159, in render
    return compiled_parent._render(context)
  File "/home/giorgi/.local/share/virtualenvs/FitnessPro-SGckQHIp/lib/python3.10/site-packages/django/template/base.py", line 163, in _render
    return self.nodelist.render(context)
  File "/home/giorgi/.local/share/virtualenvs/FitnessPro-SGckQHIp/lib/python3.10/site-packages/django/template/base.py", line 1000, in render
    return SafeString("".join([node.render_annotated(context) for node in self]))
  File "/home/giorgi/.local/share/virtualenvs/FitnessPro-SGckQHIp/lib/python3.10/site-packages/django/template/base.py", line 1000, in <listcomp>
    return SafeString("".join([node.render_annotated(context) for node in self]))
  File "/home/giorgi/.local/share/virtualenvs/FitnessPro-SGckQHIp/lib/python3.10/site-packages/django/template/base.py", line 961, in render_annotated
    return self.render(context)
  File "/home/giorgi/.local/share/virtualenvs/FitnessPro-SGckQHIp/lib/python3.10/site-packages/django/template/loader_tags.py", line 210, in render
    return template.render(context)
  File "/home/giorgi/.local/share/virtualenvs/FitnessPro-SGckQHIp/lib/python3.10/site-packages/django/template/base.py", line 173, in render
    return self._render(context)
  File "/home/giorgi/.local/share/virtualenvs/FitnessPro-SGckQHIp/lib/python3.10/site-packages/django/template/base.py", line 163, in _render
    return self.nodelist.render(context)
  File "/home/giorgi/.local/share/virtualenvs/FitnessPro-SGckQHIp/lib/python3.10/site-packages/django/template/base.py", line 1000, in render
    return SafeString("".join([node.render_annotated(context) for node in self]))
  File "/home/giorgi/.local/share/virtualenvs/FitnessPro-SGckQHIp/lib/python3.10/site-packages/django/template/base.py", line 1000, in <listcomp>
    return SafeString("".join([node.render_annotated(context) for node in self]))
  File "/home/giorgi/.local/share/virtualenvs/FitnessPro-SGckQHIp/lib/python3.10/site-packages/django/template/base.py", line 961, in render_annotated
    return self.render(context)
  File "/home/giorgi/.local/share/virtualenvs/FitnessPro-SGckQHIp/lib/python3.10/site-packages/django/template/defaulttags.py", line 479, in render
    url = reverse(view_name, args=args, kwargs=kwargs, current_app=current_app)
  File "/home/giorgi/.local/share/virtualenvs/FitnessPro-SGckQHIp/lib/python3.10/site-packages/django/urls/base.py", line 88, in reverse
    return resolver._reverse_with_prefix(view, prefix, *args, **kwargs)
  File "/home/giorgi/.local/share/virtualenvs/FitnessPro-SGckQHIp/lib/python3.10/site-packages/django/urls/resolvers.py", line 851, in _reverse_with_prefix
    raise NoReverseMatch(msg)
django.urls.exceptions.NoReverseMatch: Reverse for 'booking' not found. 'booking' is not a valid view function or pattern name.
ERROR 2024-05-08 18:24:24,994 log 12703 136425497101888 Internal Server Error: /
Traceback (most recent call last):
  File "/home/giorgi/.local/share/virtualenvs/FitnessPro-SGckQHIp/lib/python3.10/site-packages/django/core/handlers/exception.py", line 55, in inner
    response = get_response(request)
  File "/home/giorgi/.local/share/virtualenvs/FitnessPro-SGckQHIp/lib/python3.10/site-packages/django/core/handlers/base.py", line 197, in _get_response
    response = wrapped_callback(request, *callback_args, **callback_kwargs)
  File "/home/giorgi/Desktop/FitnessPro/core/views.py", line 7, in home
    return render(request, 'index.html')
  File "/home/giorgi/.local/share/virtualenvs/FitnessPro-SGckQHIp/lib/python3.10/site-packages/django/shortcuts.py", line 25, in render
    content = loader.render_to_string(template_name, context, request, using=using)
  File "/home/giorgi/.local/share/virtualenvs/FitnessPro-SGckQHIp/lib/python3.10/site-packages/django/template/loader.py", line 62, in render_to_string
    return template.render(context, request)
  File "/home/giorgi/.local/share/virtualenvs/FitnessPro-SGckQHIp/lib/python3.10/site-packages/django/template/backends/django.py", line 61, in render
    return self.template.render(context)
  File "/home/giorgi/.local/share/virtualenvs/FitnessPro-SGckQHIp/lib/python3.10/site-packages/django/template/base.py", line 171, in render
    return self._render(context)
  File "/home/giorgi/.local/share/virtualenvs/FitnessPro-SGckQHIp/lib/python3.10/site-packages/django/template/base.py", line 163, in _render
    return self.nodelist.render(context)
  File "/home/giorgi/.local/share/virtualenvs/FitnessPro-SGckQHIp/lib/python3.10/site-packages/django/template/base.py", line 1000, in render
    return SafeString("".join([node.render_annotated(context) for node in self]))
  File "/home/giorgi/.local/share/virtualenvs/FitnessPro-SGckQHIp/lib/python3.10/site-packages/django/template/base.py", line 1000, in <listcomp>
    return SafeString("".join([node.render_annotated(context) for node in self]))
  File "/home/giorgi/.local/share/virtualenvs/FitnessPro-SGckQHIp/lib/python3.10/site-packages/django/template/base.py", line 961, in render_annotated
    return self.render(context)
  File "/home/giorgi/.local/share/virtualenvs/FitnessPro-SGckQHIp/lib/python3.10/site-packages/django/template/loader_tags.py", line 159, in render
    return compiled_parent._render(context)
  File "/home/giorgi/.local/share/virtualenvs/FitnessPro-SGckQHIp/lib/python3.10/site-packages/django/template/base.py", line 163, in _render
    return self.nodelist.render(context)
  File "/home/giorgi/.local/share/virtualenvs/FitnessPro-SGckQHIp/lib/python3.10/site-packages/django/template/base.py", line 1000, in render
    return SafeString("".join([node.render_annotated(context) for node in self]))
  File "/home/giorgi/.local/share/virtualenvs/FitnessPro-SGckQHIp/lib/python3.10/site-packages/django/template/base.py", line 1000, in <listcomp>
    return SafeString("".join([node.render_annotated(context) for node in self]))
  File "/home/giorgi/.local/share/virtualenvs/FitnessPro-SGckQHIp/lib/python3.10/site-packages/django/template/base.py", line 961, in render_annotated
    return self.render(context)
  File "/home/giorgi/.local/share/virtualenvs/FitnessPro-SGckQHIp/lib/python3.10/site-packages/django/template/loader_tags.py", line 210, in render
    return template.render(context)
  File "/home/giorgi/.local/share/virtualenvs/FitnessPro-SGckQHIp/lib/python3.10/site-packages/django/template/base.py", line 173, in render
    return self._render(context)
  File "/home/giorgi/.local/share/virtualenvs/FitnessPro-SGckQHIp/lib/python3.10/site-packages/django/template/base.py", line 163, in _render
    return self.nodelist.render(context)
  File "/home/giorgi/.local/share/virtualenvs/FitnessPro-SGckQHIp/lib/python3.10/site-packages/django/template/base.py", line 1000, in render
    return SafeString("".join([node.render_annotated(context) for node in self]))
  File "/home/giorgi/.local/share/virtualenvs/FitnessPro-SGckQHIp/lib/python3.10/site-packages/django/template/base.py", line 1000, in <listcomp>
    return SafeString("".join([node.render_annotated(context) for node in self]))
  File "/home/giorgi/.local/share/virtualenvs/FitnessPro-SGckQHIp/lib/python3.10/site-packages/django/template/base.py", line 961, in render_annotated
    return self.render(context)
  File "/home/giorgi/.local/share/virtualenvs/FitnessPro-SGckQHIp/lib/python3.10/site-packages/django/template/defaulttags.py", line 479, in render
    url = reverse(view_name, args=args, kwargs=kwargs, current_app=current_app)
  File "/home/giorgi/.local/share/virtualenvs/FitnessPro-SGckQHIp/lib/python3.10/site-packages/django/urls/base.py", line 88, in reverse
    return resolver._reverse_with_prefix(view, prefix, *args, **kwargs)
  File "/home/giorgi/.local/share/virtualenvs/FitnessPro-SGckQHIp/lib/python3.10/site-packages/django/urls/resolvers.py", line 851, in _reverse_with_prefix
    raise NoReverseMatch(msg)
django.urls.exceptions.NoReverseMatch: Reverse for 'booking' not found. 'booking' is not a valid view function or pattern name.
INFO 2024-05-08 18:32:59,330 autoreload 12703 136425541382592 /home/giorgi/Desktop/FitnessPro/FitnessPro/urls.py changed, reloading.
INFO 2024-05-08 18:32:59,558 autoreload 12988 137617016955328 Watching for file changes with StatReloader
INFO 2024-05-08 18:33:08,573 autoreload 13039 131835643363776 Watching for file changes with StatReloader
WARNING 2024-05-08 18:33:23,259 log 13039 131835599050304 Not Found: /users/booking/booking.js
WARNING 2024-05-08 18:38:33,917 log 13039 131835599050304 Not Found: /favicon.ico
WARNING 2024-05-08 18:38:34,199 log 13039 131835346540096 Not Found: /favicon.ico
